This is pdfTeX, Version 3.141592653-2.6-1.40.24 (TeX Live 2022/nixos.org) (preloaded format=pdflatex 1980.1.1)  14 FEB 2024 15:11
entering extended mode
 restricted \write18 enabled.
 %&-line parsing enabled.
**report.tex
(./report.tex
LaTeX2e <2022-11-01> patch level 1
L3 programming layer <2023-02-22>
(/nix/store/msa9hi9jv49s13yzrs2qx959c72zq6bq-texlive-combined-full-2022-final-t
exmfdist/tex/latex/base/report.cls
Document Class: report 2022/07/02 v1.4n Standard LaTeX document class

(/nix/store/msa9hi9jv49s13yzrs2qx959c72zq6bq-texlive-combined-full-2022-final-t
exmfdist/tex/latex/base/size10.clo
File: size10.clo 2022/07/02 v1.4n Standard LaTeX file (size option)
)
\c@part=\count185
\c@chapter=\count186
\c@section=\count187
\c@subsection=\count188
\c@subsubsection=\count189
\c@paragraph=\count190
\c@subparagraph=\count191
\c@figure=\count192
\c@table=\count193
\abovecaptionskip=\skip48
\belowcaptionskip=\skip49
\bibindent=\dimen140
)
(/nix/store/msa9hi9jv49s13yzrs2qx959c72zq6bq-texlive-combined-full-2022-final-t
exmfdist/tex/latex/base/inputenc.sty
Package: inputenc 2021/02/14 v1.3d Input encoding file
\inpenc@prehook=\toks16
\inpenc@posthook=\toks17
)
(/nix/store/msa9hi9jv49s13yzrs2qx959c72zq6bq-texlive-combined-full-2022-final-t
exmfdist/tex/generic/babel/babel.sty
Package: babel 2023/02/13 3.86 The Babel package
\babel@savecnt=\count194
\U@D=\dimen141
\l@unhyphenated=\language87

(/nix/store/msa9hi9jv49s13yzrs2qx959c72zq6bq-texlive-combined-full-2022-final-t
exmfdist/tex/generic/babel/txtbabel.def)
\bbl@readstream=\read2
\bbl@dirlevel=\count195

(/nix/store/msa9hi9jv49s13yzrs2qx959c72zq6bq-texlive-combined-full-2022-final-t
exmfdist/tex/generic/babel-italian/italian.ldf
Language: italian 2022/03/27 v.1.4.07 Italian support for the babel system
\it@lettering=\count196
\it@doublequoteactive=\count197
\it@ISOcompliance=\count198
))
(/nix/store/msa9hi9jv49s13yzrs2qx959c72zq6bq-texlive-combined-full-2022-final-t
exmfdist/tex/generic/babel/locale/it/babel-italian.tex
Package babel Info: Importing font and identification data for italian
(babel)             from babel-it.ini. Reported on input line 11.
)
(/nix/store/msa9hi9jv49s13yzrs2qx959c72zq6bq-texlive-combined-full-2022-final-t
exmfdist/tex/latex/etoolbox/etoolbox.sty
Package: etoolbox 2020/10/05 v2.5k e-TeX tools for LaTeX (JAW)
\etb@tempcnta=\count199
)
(/nix/store/msa9hi9jv49s13yzrs2qx959c72zq6bq-texlive-combined-full-2022-final-t
exmfdist/tex/latex/amsmath/amsmath.sty
Package: amsmath 2022/04/08 v2.17n AMS math features
\@mathmargin=\skip50

For additional information on amsmath, use the `?' option.

(/nix/store/msa9hi9jv49s13yzrs2qx959c72zq6bq-texlive-combined-full-2022-final-t
exmfdist/tex/latex/amsmath/amstext.sty
Package: amstext 2021/08/26 v2.01 AMS text

(/nix/store/msa9hi9jv49s13yzrs2qx959c72zq6bq-texlive-combined-full-2022-final-t
exmfdist/tex/latex/amsmath/amsgen.sty
File: amsgen.sty 1999/11/30 v2.0 generic functions
\@emptytoks=\toks18
\ex@=\dimen142
))
(/nix/store/msa9hi9jv49s13yzrs2qx959c72zq6bq-texlive-combined-full-2022-final-t
exmfdist/tex/latex/amsmath/amsbsy.sty
Package: amsbsy 1999/11/29 v1.2d Bold Symbols
\pmbraise@=\dimen143
)
(/nix/store/msa9hi9jv49s13yzrs2qx959c72zq6bq-texlive-combined-full-2022-final-t
exmfdist/tex/latex/amsmath/amsopn.sty
Package: amsopn 2022/04/08 v2.04 operator names
)
\inf@bad=\count266
LaTeX Info: Redefining \frac on input line 234.
\uproot@=\count267
\leftroot@=\count268
LaTeX Info: Redefining \overline on input line 399.
LaTeX Info: Redefining \colon on input line 410.
\classnum@=\count269
\DOTSCASE@=\count270
LaTeX Info: Redefining \ldots on input line 496.
LaTeX Info: Redefining \dots on input line 499.
LaTeX Info: Redefining \cdots on input line 620.
\Mathstrutbox@=\box51
\strutbox@=\box52
LaTeX Info: Redefining \big on input line 722.
LaTeX Info: Redefining \Big on input line 723.
LaTeX Info: Redefining \bigg on input line 724.
LaTeX Info: Redefining \Bigg on input line 725.
\big@size=\dimen144
LaTeX Font Info:    Redeclaring font encoding OML on input line 743.
LaTeX Font Info:    Redeclaring font encoding OMS on input line 744.
\macc@depth=\count271
LaTeX Info: Redefining \bmod on input line 905.
LaTeX Info: Redefining \pmod on input line 910.
LaTeX Info: Redefining \smash on input line 940.
LaTeX Info: Redefining \relbar on input line 970.
LaTeX Info: Redefining \Relbar on input line 971.
\c@MaxMatrixCols=\count272
\dotsspace@=\muskip16
\c@parentequation=\count273
\dspbrk@lvl=\count274
\tag@help=\toks19
\row@=\count275
\column@=\count276
\maxfields@=\count277
\andhelp@=\toks20
\eqnshift@=\dimen145
\alignsep@=\dimen146
\tagshift@=\dimen147
\tagwidth@=\dimen148
\totwidth@=\dimen149
\lineht@=\dimen150
\@envbody=\toks21
\multlinegap=\skip51
\multlinetaggap=\skip52
\mathdisplay@stack=\toks22
LaTeX Info: Redefining \[ on input line 2953.
LaTeX Info: Redefining \] on input line 2954.
)
(/nix/store/msa9hi9jv49s13yzrs2qx959c72zq6bq-texlive-combined-full-2022-final-t
exmfdist/tex/latex/amscls/amsthm.sty
Package: amsthm 2020/05/29 v2.20.6
\thm@style=\toks23
\thm@bodyfont=\toks24
\thm@headfont=\toks25
\thm@notefont=\toks26
\thm@headpunct=\toks27
\thm@preskip=\skip53
\thm@postskip=\skip54
\thm@headsep=\skip55
\dth@everypar=\toks28
)
(/nix/store/msa9hi9jv49s13yzrs2qx959c72zq6bq-texlive-combined-full-2022-final-t
exmfdist/tex/latex/amsfonts/amsfonts.sty
Package: amsfonts 2013/01/14 v3.01 Basic AMSFonts support
\symAMSa=\mathgroup4
\symAMSb=\mathgroup5
LaTeX Font Info:    Redeclaring math symbol \hbar on input line 98.
LaTeX Font Info:    Overwriting math alphabet `\mathfrak' in version `bold'
(Font)                  U/euf/m/n --> U/euf/b/n on input line 106.
)
(/nix/store/msa9hi9jv49s13yzrs2qx959c72zq6bq-texlive-combined-full-2022-final-t
exmfdist/tex/latex/amsfonts/amssymb.sty
Package: amssymb 2013/01/14 v3.01 AMS font symbols
)
(/nix/store/msa9hi9jv49s13yzrs2qx959c72zq6bq-texlive-combined-full-2022-final-t
exmfdist/tex/latex/doublestroke/dsfont.sty
Package: dsfont 1995/08/01 v0.1 Double stroke roman fonts
)
(/nix/store/msa9hi9jv49s13yzrs2qx959c72zq6bq-texlive-combined-full-2022-final-t
exmfdist/tex/latex/geometry/geometry.sty
Package: geometry 2020/01/02 v5.9 Page Geometry

(/nix/store/msa9hi9jv49s13yzrs2qx959c72zq6bq-texlive-combined-full-2022-final-t
exmfdist/tex/latex/graphics/keyval.sty
Package: keyval 2022/05/29 v1.15 key=value parser (DPC)
\KV@toks@=\toks29
)
(/nix/store/msa9hi9jv49s13yzrs2qx959c72zq6bq-texlive-combined-full-2022-final-t
exmfdist/tex/generic/iftex/ifvtex.sty
Package: ifvtex 2019/10/25 v1.7 ifvtex legacy package. Use iftex instead.

(/nix/store/msa9hi9jv49s13yzrs2qx959c72zq6bq-texlive-combined-full-2022-final-t
exmfdist/tex/generic/iftex/iftex.sty
Package: iftex 2022/02/03 v1.0f TeX engine tests
))
\Gm@cnth=\count278
\Gm@cntv=\count279
\c@Gm@tempcnt=\count280
\Gm@bindingoffset=\dimen151
\Gm@wd@mp=\dimen152
\Gm@odd@mp=\dimen153
\Gm@even@mp=\dimen154
\Gm@layoutwidth=\dimen155
\Gm@layoutheight=\dimen156
\Gm@layouthoffset=\dimen157
\Gm@layoutvoffset=\dimen158
\Gm@dimlist=\toks30
)
\c@theorem=\count281
\c@remark=\count282

(/nix/store/msa9hi9jv49s13yzrs2qx959c72zq6bq-texlive-combined-full-2022-final-t
exmfdist/tex/latex/l3backend/l3backend-pdftex.def
File: l3backend-pdftex.def 2023-01-16 L3 backend support: PDF output (pdfTeX)
\l__color_backend_stack_int=\count283
\l__pdf_internal_box=\box53
) (./report.aux)
\openout1 = `report.aux'.

LaTeX Font Info:    Checking defaults for OML/cmm/m/it on input line 17.
LaTeX Font Info:    ... okay on input line 17.
LaTeX Font Info:    Checking defaults for OMS/cmsy/m/n on input line 17.
LaTeX Font Info:    ... okay on input line 17.
LaTeX Font Info:    Checking defaults for OT1/cmr/m/n on input line 17.
LaTeX Font Info:    ... okay on input line 17.
LaTeX Font Info:    Checking defaults for T1/cmr/m/n on input line 17.
LaTeX Font Info:    ... okay on input line 17.
LaTeX Font Info:    Checking defaults for TS1/cmr/m/n on input line 17.
LaTeX Font Info:    ... okay on input line 17.
LaTeX Font Info:    Checking defaults for OMX/cmex/m/n on input line 17.
LaTeX Font Info:    ... okay on input line 17.
LaTeX Font Info:    Checking defaults for U/cmr/m/n on input line 17.
LaTeX Font Info:    ... okay on input line 17.
LaTeX Info: Redefining \it@ocap on input line 17.
LaTeX Info: Redefining \it@ccap on input line 17.


File italian.ldf warning: 
italian.ldf    With OT1 encoding guillemets are poorly faked
italian.ldf    Use T1 encoding
italian.ldf    or specify a font with command \CaporaliFrom
italian.ldf    See the documentation concerning the babel-italian typesetting 
italian.ldf    on input line 17.

*geometry* driver: auto-detecting
*geometry* detected driver: pdftex
*geometry* verbose mode - [ preamble ] result:
* driver: pdftex
* paper: a4paper
* layout: <same size as paper>
* layoutoffset:(h,v)=(0.0pt,0.0pt)
* modes: 
* h-part:(L,W,R)=(72.26999pt, 452.9679pt, 72.26999pt)
* v-part:(T,H,B)=(72.26999pt, 700.50687pt, 72.26999pt)
* \paperwidth=597.50787pt
* \paperheight=845.04684pt
* \textwidth=452.9679pt
* \textheight=700.50687pt
* \oddsidemargin=0.0pt
* \evensidemargin=0.0pt
* \topmargin=-37.0pt
* \headheight=12.0pt
* \headsep=25.0pt
* \topskip=10.0pt
* \footskip=30.0pt
* \marginparwidth=57.0pt
* \marginparsep=11.0pt
* \columnsep=10.0pt
* \skip\footins=9.0pt plus 4.0pt minus 2.0pt
* \hoffset=0.0pt
* \voffset=0.0pt
* \mag=1000
* \@twocolumnfalse
* \@twosidefalse
* \@mparswitchfalse
* \@reversemarginfalse
* (1in=72.27pt=25.4mm, 1cm=28.453pt)

LaTeX Font Info:    Trying to load font information for U+msa on input line 18.


(/nix/store/msa9hi9jv49s13yzrs2qx959c72zq6bq-texlive-combined-full-2022-final-t
exmfdist/tex/latex/amsfonts/umsa.fd
File: umsa.fd 2013/01/14 v3.01 AMS symbols A
)
LaTeX Font Info:    Trying to load font information for U+msb on input line 18.


(/nix/store/msa9hi9jv49s13yzrs2qx959c72zq6bq-texlive-combined-full-2022-final-t
exmfdist/tex/latex/amsfonts/umsb.fd
File: umsb.fd 2013/01/14 v3.01 AMS symbols B
) [1

{/nix/store/6rwhbmj14caa4pvv8i9pcyh23d4l9rah-texlive-combined-full-2022-final/s
hare/texmf-var/fonts/map/pdftex/updmap/pdftex.map}]
Capitolo 1.
[1

] [2] [3] [4]
LaTeX Font Info:    Trying to load font information for U+dsrom on input line 1
74.

(/nix/store/msa9hi9jv49s13yzrs2qx959c72zq6bq-texlive-combined-full-2022-final-t
exmfdist/tex/latex/doublestroke/Udsrom.fd
File: Udsrom.fd 1995/08/01 v0.1 Double stroke roman font definitions
) [5] [6] (./report.aux) ) 
Here is how much of TeX's memory you used:
 3918 strings out of 476024
 63624 string characters out of 5764067
 1877388 words of memory out of 5000000
 24343 multiletter control sequences out of 15000+600000
 523090 words of font info for 76 fonts, out of 8000000 for 9000
 1141 hyphenation exceptions out of 8191
 57i,18n,62p,910b,271s stack positions out of 10000i,1000n,20000p,200000b,200000s
{/nix/store/msa9hi9jv49s13yzrs2qx959c72zq6bq-texlive-
combined-full-2022-final-texmfdist/fonts/enc/dvips/cm-super/cm-super-ts1.enc}</
nix/store/msa9hi9jv49s13yzrs2qx959c72zq6bq-texlive-combined-full-2022-final-tex
mfdist/fonts/type1/public/amsfonts/cm/cmbx10.pfb></nix/store/msa9hi9jv49s13yzrs
2qx959c72zq6bq-texlive-combined-full-2022-final-texmfdist/fonts/type1/public/am
sfonts/cm/cmbx12.pfb></nix/store/msa9hi9jv49s13yzrs2qx959c72zq6bq-texlive-combi
ned-full-2022-final-texmfdist/fonts/type1/public/amsfonts/cm/cmex10.pfb></nix/s
tore/msa9hi9jv49s13yzrs2qx959c72zq6bq-texlive-combined-full-2022-final-texmfdis
t/fonts/type1/public/amsfonts/cmextra/cmex7.pfb></nix/store/msa9hi9jv49s13yzrs2
qx959c72zq6bq-texlive-combined-full-2022-final-texmfdist/fonts/type1/public/ams
fonts/cm/cmmi10.pfb></nix/store/msa9hi9jv49s13yzrs2qx959c72zq6bq-texlive-combin
ed-full-2022-final-texmfdist/fonts/type1/public/amsfonts/cm/cmmi5.pfb></nix/sto
re/msa9hi9jv49s13yzrs2qx959c72zq6bq-texlive-combined-full-2022-final-texmfdist/
fonts/type1/public/amsfonts/cm/cmmi7.pfb></nix/store/msa9hi9jv49s13yzrs2qx959c7
2zq6bq-texlive-combined-full-2022-final-texmfdist/fonts/type1/public/amsfonts/c
m/cmmi8.pfb></nix/store/msa9hi9jv49s13yzrs2qx959c72zq6bq-texlive-combined-full-
2022-final-texmfdist/fonts/type1/public/amsfonts/cm/cmr10.pfb></nix/store/msa9h
i9jv49s13yzrs2qx959c72zq6bq-texlive-combined-full-2022-final-texmfdist/fonts/ty
pe1/public/amsfonts/cm/cmr12.pfb></nix/store/msa9hi9jv49s13yzrs2qx959c72zq6bq-t
exlive-combined-full-2022-final-texmfdist/fonts/type1/public/amsfonts/cm/cmr17.
pfb></nix/store/msa9hi9jv49s13yzrs2qx959c72zq6bq-texlive-combined-full-2022-fin
al-texmfdist/fonts/type1/public/amsfonts/cm/cmr5.pfb></nix/store/msa9hi9jv49s13
yzrs2qx959c72zq6bq-texlive-combined-full-2022-final-texmfdist/fonts/type1/publi
c/amsfonts/cm/cmr6.pfb></nix/store/msa9hi9jv49s13yzrs2qx959c72zq6bq-texlive-com
bined-full-2022-final-texmfdist/fonts/type1/public/amsfonts/cm/cmr7.pfb></nix/s
tore/msa9hi9jv49s13yzrs2qx959c72zq6bq-texlive-combined-full-2022-final-texmfdis
t/fonts/type1/public/amsfonts/cm/cmr8.pfb></nix/store/msa9hi9jv49s13yzrs2qx959c
72zq6bq-texlive-combined-full-2022-final-texmfdist/fonts/type1/public/amsfonts/
cm/cmsy10.pfb></nix/store/msa9hi9jv49s13yzrs2qx959c72zq6bq-texlive-combined-ful
l-2022-final-texmfdist/fonts/type1/public/amsfonts/cm/cmsy5.pfb></nix/store/msa
9hi9jv49s13yzrs2qx959c72zq6bq-texlive-combined-full-2022-final-texmfdist/fonts/
type1/public/amsfonts/cm/cmsy7.pfb></nix/store/msa9hi9jv49s13yzrs2qx959c72zq6bq
-texlive-combined-full-2022-final-texmfdist/fonts/type1/public/amsfonts/cm/cmti
10.pfb></nix/store/msa9hi9jv49s13yzrs2qx959c72zq6bq-texlive-combined-full-2022-
final-texmfdist/fonts/type1/public/amsfonts/cm/cmtt10.pfb></nix/store/msa9hi9jv
49s13yzrs2qx959c72zq6bq-texlive-combined-full-2022-final-texmfdist/fonts/type1/
public/doublestroke/dsrom10.pfb></nix/store/msa9hi9jv49s13yzrs2qx959c72zq6bq-te
xlive-combined-full-2022-final-texmfdist/fonts/type1/public/amsfonts/symbols/ms
bm10.pfb></nix/store/msa9hi9jv49s13yzrs2qx959c72zq6bq-texlive-combined-full-202
2-final-texmfdist/fonts/type1/public/cm-super/sfrm1000.pfb>
Output written on report.pdf (7 pages, 273158 bytes).
PDF statistics:
 144 PDF objects out of 1000 (max. 8388607)
 88 compressed objects within 1 object stream
 0 named destinations out of 1000 (max. 500000)
 1 words of extra memory for PDF output out of 10000 (max. 10000000)

